Package received at Sat, 08 Sep 2018 09:58:14 GMT:
/EMULATOR
1-3:0.2.8(10)
0-0:1.0.0(180908115814W)
0-0:96.1.1(1234567890123456789012345678901234)
1-0:1.8.1(100.500*kWh)
1-0:1.8.2(000000.000*kWh)
1-0:2.8.1(000000.000*kWh)
1-0:2.8.2(000000.000*kWh)
0-0:96.14.0(0001)
1-0:1.7.0(0.500*kW)
1-0:2.7.0(00.000*kW)
0-0:96.7.21(00001)
0-0:96.7.9(00002)
1-0:99.97.0(1)(0-0:96.7.19)(000101000014W)(1000*s)
1-0:32.32.0(00000)
1-0:52.32.0(00000)
1-0:72.32.0(00000)
1-0:32.36.0(00000)
1-0:52.36.0(00000)
1-0:72.36.0(00000)
0-0:96.13.1()
0-0:96.13.0()
1-0:31.7.0(001*A)
1-0:51.7.0(002*A)
1-0:71.7.0(003*A)
1-0:21.7.0(00.001*kW)
1-0:22.7.0(00.004*kW)
1-0:41.7.0(00.002*kW)
1-0:42.7.0(00.005*kW)
1-0:61.7.0(00.003*kW)
1-0:62.7.0(00.006*kW)
0-1:24.1.0(003)
0-1:96.1.0(2345678901234567890123456789012345)
0-1:24.2.1(180908115813W)(50.000*m3)

Package received at Sat, 08 Sep 2018 09:58:15 GMT:
/EMULATOR
1-3:0.2.8(10)
0-0:1.0.0(180908115815W)
0-0:96.1.1(1234567890123456789012345678901234)
1-0:1.8.1(101.000*kWh)
1-0:1.8.2(000000.000*kWh)
1-0:2.8.1(000000.000*kWh)
1-0:2.8.2(000000.000*kWh)
0-0:96.14.0(0001)
1-0:1.7.0(0.500*kW)
1-0:2.7.0(00.000*kW)
0-0:96.7.21(00001)
0-0:96.7.9(00002)
1-0:99.97.0(1)(0-0:96.7.19)(000101000014W)(1000*s)
1-0:32.32.0(00000)
1-0:52.32.0(00000)
1-0:72.32.0(00000)
1-0:32.36.0(00000)
1-0:52.36.0(00000)
1-0:72.36.0(00000)
0-0:96.13.1()
0-0:96.13.0()
1-0:31.7.0(001*A)
1-0:51.7.0(002*A)
1-0:71.7.0(003*A)
1-0:21.7.0(00.001*kW)
1-0:22.7.0(00.004*kW)
1-0:41.7.0(00.002*kW)
1-0:42.7.0(00.005*kW)
1-0:61.7.0(00.003*kW)
1-0:62.7.0(00.006*kW)
0-1:24.1.0(003)
0-1:96.1.0(2345678901234567890123456789012345)
0-1:24.2.1(180908115813W)(50.000*m3)

Package received at Sat, 08 Sep 2018 09:58:16 GMT:
/EMULATOR
1-3:0.2.8(10)
0-0:1.0.0(180908115816W)
0-0:96.1.1(1234567890123456789012345678901234)
1-0:1.8.1(101.500*kWh)
1-0:1.8.2(000000.000*kWh)
1-0:2.8.1(000000.000*kWh)
1-0:2.8.2(000000.000*kWh)
0-0:96.14.0(0001)
1-0:1.7.0(0.500*kW)
1-0:2.7.0(00.000*kW)
0-0:96.7.21(00001)
0-0:96.7.9(00002)
1-0:99.97.0(1)(0-0:96.7.19)(000101000014W)(1000*s)
1-0:32.32.0(00000)
1-0:52.32.0(00000)
1-0:72.32.0(00000)
1-0:32.36.0(00000)
1-0:52.36.0(00000)
1-0:72.36.0(00000)
0-0:96.13.1()
0-0:96.13.0()
1-0:31.7.0(001*A)
1-0:51.7.0(002*A)
1-0:71.7.0(003*A)
1-0:21.7.0(00.001*kW)
1-0:22.7.0(00.004*kW)
1-0:41.7.0(00.002*kW)
1-0:42.7.0(00.005*kW)
1-0:61.7.0(00.003*kW)
1-0:62.7.0(00.006*kW)
0-1:24.1.0(003)
0-1:96.1.0(2345678901234567890123456789012345)
0-1:24.2.1(180908115816W)(50.100*m3)

Package received at Sat, 08 Sep 2018 09:58:17 GMT:
/EMULATOR
1-3:0.2.8(10)
0-0:1.0.0(180908115817W)
0-0:96.1.1(1234567890123456789012345678901234)
1-0:1.8.1(102.000*kWh)
1-0:1.8.2(000000.000*kWh)
1-0:2.8.1(000000.000*kWh)
1-0:2.8.2(000000.000*kWh)
0-0:96.14.0(0001)
1-0:1.7.0(0.500*kW)
1-0:2.7.0(00.000*kW)
0-0:96.7.21(00001)
0-0:96.7.9(00002)
1-0:99.97.0(1)(0-0:96.7.19)(000101000014W)(1000*s)
1-0:32.32.0(00000)
1-0:52.32.0(00000)
1-0:72.32.0(00000)
1-0:32.36.0(00000)
1-0:52.36.0(00000)
1-0:72.36.0(00000)
0-0:96.13.1()
0-0:96.13.0()
1-0:31.7.0(001*A)
1-0:51.7.0(002*A)
1-0:71.7.0(003*A)
1-0:21.7.0(00.001*kW)
1-0:22.7.0(00.004*kW)
1-0:41.7.0(00.002*kW)
1-0:42.7.0(00.005*kW)
1-0:61.7.0(00.003*kW)
1-0:62.7.0(00.006*kW)
0-1:24.1.0(003)
0-1:96.1.0(2345678901234567890123456789012345)
0-1:24.2.1(180908115816W)(50.100*m3)

Package received at Sat, 08 Sep 2018 09:58:18 GMT:
/EMULATOR
1-3:0.2.8(10)
0-0:1.0.0(180908115818W)
0-0:96.1.1(1234567890123456789012345678901234)
1-0:1.8.1(102.500*kWh)
1-0:1.8.2(000000.000*kWh)
1-0:2.8.1(000000.000*kWh)
1-0:2.8.2(000000.000*kWh)
0-0:96.14.0(0001)
1-0:1.7.0(0.500*kW)
1-0:2.7.0(00.000*kW)
0-0:96.7.21(00001)
0-0:96.7.9(00002)
1-0:99.97.0(1)(0-0:96.7.19)(000101000014W)(1000*s)
1-0:32.32.0(00000)
1-0:52.32.0(00000)
1-0:72.32.0(00000)
1-0:32.36.0(00000)
1-0:52.36.0(00000)
1-0:72.36.0(00000)
0-0:96.13.1()
0-0:96.13.0()
1-0:31.7.0(001*A)
1-0:51.7.0(002*A)
1-0:71.7.0(003*A)
1-0:21.7.0(00.001*kW)
1-0:22.7.0(00.004*kW)
1-0:41.7.0(00.002*kW)
1-0:42.7.0(00.005*kW)
1-0:61.7.0(00.003*kW)
1-0:62.7.0(00.006*kW)
0-1:24.1.0(003)
0-1:96.1.0(2345678901234567890123456789012345)
0-1:24.2.1(180908115816W)(50.100*m3)

Package received at Sat, 08 Sep 2018 09:58:19 GMT:
/EMULATOR
1-3:0.2.8(10)
0-0:1.0.0(180908115819W)
0-0:96.1.1(1234567890123456789012345678901234)
1-0:1.8.1(103.000*kWh)
1-0:1.8.2(000000.000*kWh)
1-0:2.8.1(000000.000*kWh)
1-0:2.8.2(000000.000*kWh)
0-0:96.14.0(0001)
1-0:1.7.0(0.500*kW)
1-0:2.7.0(00.000*kW)
0-0:96.7.21(00001)
0-0:96.7.9(00002)
1-0:99.97.0(1)(0-0:96.7.19)(000101000014W)(1000*s)
1-0:32.32.0(00000)
1-0:52.32.0(00000)
1-0:72.32.0(00000)
1-0:32.36.0(00000)
1-0:52.36.0(00000)
1-0:72.36.0(00000)
0-0:96.13.1()
0-0:96.13.0()
1-0:31.7.0(001*A)
1-0:51.7.0(002*A)
1-0:71.7.0(003*A)
1-0:21.7.0(00.001*kW)
1-0:22.7.0(00.004*kW)
1-0:41.7.0(00.002*kW)
1-0:42.7.0(00.005*kW)
1-0:61.7.0(00.003*kW)
1-0:62.7.0(00.006*kW)
0-1:24.1.0(003)
0-1:96.1.0(2345678901234567890123456789012345)
0-1:24.2.1(180908115819W)(50.200*m3)

